<?xml version="1.0" encoding="UTF-8"?>
<testng-results skipped="0" failed="0" ignored="0" total="1" passed="1">
  <reporter-output>
  </reporter-output>
  <suite name="Default suite" duration-ms="38" started-at="2018-05-20T10:19:52Z" finished-at="2018-05-20T10:19:52Z">
    <groups>
    </groups>
    <test name="Default test" duration-ms="38" started-at="2018-05-20T10:19:52Z" finished-at="2018-05-20T10:19:52Z">
      <class name="sample2.GitSampleProgram">
        <test-method status="PASS" signature="display1()[pri:0, instance:sample2.GitSampleProgram@1c7cbad]" name="display1" duration-ms="12" started-at="2018-05-20T10:19:52Z" finished-at="2018-05-20T10:19:52Z">
          <reporter-output>
          </reporter-output>
        </test-method> <!-- display1 -->
      </class> <!-- sample2.GitSampleProgram -->
    </test> <!-- Default test -->
  </suite> <!-- Default suite -->
</testng-results>
